SF:c:\Users\jonat\RiderProjects\LastRoom\LastRoom.Api\Program.cs
FN:5,System.Void Program::<Main>$(System.String[])
FNDA:0,System.Void Program::<Main>$(System.String[])
DA:6,0
DA:7,0
DA:8,0
DA:9,0
DA:11,0
DA:12,0
DA:14,0
DA:15,0
DA:16,0
DA:17,0
DA:18,0
DA:20,0
DA:22,0
DA:23,0
DA:24,0
DA:25,0
DA:26,0
DA:28,0
DA:29,0
DA:30,0
DA:31,0
DA:32,0
BRDA:22,172,0,0
BRDA:22,172,1,0
LF:22
LH:0
BRF:2
BRH:0
FNF:1
FNH:0
end_of_record
SF:c:\Users\jonat\RiderProjects\LastRoom\LastRoom.Api\LastRoomDbContext.cs
FN:7,Microsoft.EntityFrameworkCore.DbSet`1<LastRoom.Api.Models.Booking> LastRoom.Api.LastRoomDbContext::get_Bookings()
FNDA:0,Microsoft.EntityFrameworkCore.DbSet`1<LastRoom.Api.Models.Booking> LastRoom.Api.LastRoomDbContext::get_Bookings()
DA:8,0
FN:9,System.Void LastRoom.Api.LastRoomDbContext::.ctor(Microsoft.EntityFrameworkCore.DbContextOptions)
FNDA:0,System.Void LastRoom.Api.LastRoomDbContext::.ctor(Microsoft.EntityFrameworkCore.DbContextOptions)
DA:10,0
LF:2
LH:0
BRF:0
BRH:0
FNF:2
FNH:0
end_of_record
SF:c:\Users\jonat\RiderProjects\LastRoom\LastRoom.Api\Services\BookingService.cs
FN:138,FluentResults.Result LastRoom.Api.Services.BookingService::ValidateBooking(System.DateOnly,System.DateOnly)
FNDA:0,FluentResults.Result LastRoom.Api.Services.BookingService::ValidateBooking(System.DateOnly,System.DateOnly)
DA:139,0
DA:140,0
DA:141,0
DA:143,0
DA:144,0
DA:146,0
DA:147,0
DA:149,0
DA:150,0
DA:152,0
DA:153,0
BRDA:140,21,0,0
BRDA:140,21,1,0
BRDA:143,62,0,0
BRDA:143,62,1,0
BRDA:146,111,0,0
BRDA:146,111,1,0
BRDA:149,161,0,0
BRDA:149,161,1,0
FN:155,FluentResults.Result LastRoom.Api.Services.BookingService::Reserved(System.DateOnly,System.DateOnly)
FNDA:0,FluentResults.Result LastRoom.Api.Services.BookingService::Reserved(System.DateOnly,System.DateOnly)
DA:156,0
DA:157,0
DA:158,0
DA:159,0
DA:161,0
DA:162,0
DA:164,0
DA:165,0
BRDA:161,228,0,0
BRDA:161,228,1,0
FN:167,FluentResults.Result LastRoom.Api.Services.BookingService::Reserved(LastRoom.Api.Models.Booking)
FNDA:0,FluentResults.Result LastRoom.Api.Services.BookingService::Reserved(LastRoom.Api.Models.Booking)
DA:168,0
DA:169,0
DA:170,0
DA:171,0
DA:172,0
DA:173,0
DA:175,0
DA:176,0
DA:178,0
DA:179,0
BRDA:175,359,0,0
BRDA:175,359,1,0
FN:13,System.Void LastRoom.Api.Services.BookingService::.ctor(LastRoom.Api.LastRoomDbContext,LastRoom.Api.Services.Interfaces.IDateTimeProvider)
FNDA:0,System.Void LastRoom.Api.Services.BookingService::.ctor(LastRoom.Api.LastRoomDbContext,LastRoom.Api.Services.Interfaces.IDateTimeProvider)
DA:14,0
DA:15,0
DA:16,0
DA:17,0
DA:18,0
FN:117,System.Void LastRoom.Api.Services.BookingService/<CancelBookingAsync>d__7::MoveNext()
FNDA:0,System.Void LastRoom.Api.Services.BookingService/<CancelBookingAsync>d__7::MoveNext()
DA:118,0
DA:119,0
DA:121,0
DA:122,0
DA:124,0
DA:125,0
DA:127,0
DA:128,0
BRDA:121,170,0,0
BRDA:121,170,1,0
FN:64,System.Void LastRoom.Api.Services.BookingService/<CreateNewBookingAsync>d__5::MoveNext()
FNDA:0,System.Void LastRoom.Api.Services.BookingService/<CreateNewBookingAsync>d__5::MoveNext()
DA:65,0
DA:66,0
DA:67,0
DA:68,0
DA:70,0
DA:71,0
DA:72,0
DA:74,0
DA:75,0
DA:76,0
DA:77,0
DA:78,0
DA:79,0
DA:80,0
DA:81,0
DA:82,0
DA:83,0
DA:84,0
DA:86,0
DA:87,0
DA:89,0
DA:90,0
BRDA:67,71,0,0
BRDA:67,71,1,0
BRDA:71,132,0,0
BRDA:71,132,1,0
FN:130,System.Void LastRoom.Api.Services.BookingService/<GetABookingByTicketAsync>d__8::MoveNext()
FNDA:0,System.Void LastRoom.Api.Services.BookingService/<GetABookingByTicketAsync>d__8::MoveNext()
DA:131,0
DA:132,0
DA:133,0
DA:134,0
DA:135,0
DA:136,0
FN:30,System.Void LastRoom.Api.Services.BookingService/<GetAllPossibleBookingDatesAsync>d__4::MoveNext()
FNDA:0,System.Void LastRoom.Api.Services.BookingService/<GetAllPossibleBookingDatesAsync>d__4::MoveNext()
DA:31,0
DA:32,0
DA:33,0
DA:34,0
DA:35,0
DA:36,0
DA:37,0
DA:38,0
DA:40,0
DA:41,0
DA:42,0
DA:43,0
DA:44,0
DA:46,0
DA:47,0
DA:48,0
DA:49,0
DA:50,0
DA:51,0
DA:52,0
DA:53,0
DA:54,0
DA:55,0
DA:57,0
DA:58,0
BRDA:34,138,1,0
BRDA:34,138,0,0
BRDA:46,738,1,0
BRDA:48,680,1,0
BRDA:50,602,0,0
BRDA:50,602,1,0
BRDA:50,633,0,0
BRDA:50,633,1,0
BRDA:48,680,0,0
BRDA:46,738,0,0
FN:20,System.Void LastRoom.Api.Services.BookingService/<GetBookingAsync>d__3::MoveNext()
FNDA:0,System.Void LastRoom.Api.Services.BookingService/<GetBookingAsync>d__3::MoveNext()
DA:21,0
DA:22,0
DA:24,0
DA:25,0
DA:27,0
DA:28,0
BRDA:24,159,0,0
BRDA:24,159,1,0
FN:92,System.Void LastRoom.Api.Services.BookingService/<UpdateBookingAsync>d__6::MoveNext()
FNDA:0,System.Void LastRoom.Api.Services.BookingService/<UpdateBookingAsync>d__6::MoveNext()
DA:93,0
DA:94,0
DA:96,0
DA:97,0
DA:99,0
DA:100,0
DA:101,0
DA:103,0
DA:104,0
DA:105,0
DA:107,0
DA:108,0
DA:109,0
DA:110,0
DA:112,0
DA:114,0
DA:115,0
BRDA:96,170,0,0
BRDA:96,170,1,0
BRDA:100,226,0,0
BRDA:100,226,1,0
BRDA:104,294,0,0
BRDA:104,294,1,0
LF:118
LH:0
BRF:36
BRH:0
FNF:10
FNH:0
end_of_record
SF:c:\Users\jonat\RiderProjects\LastRoom\LastRoom.Api\Services\DateTimeProvider.cs
FN:6,System.DateOnly LastRoom.Api.Services.DateTimeProvider::get_DateOnlyUtcNow()
FNDA:0,System.DateOnly LastRoom.Api.Services.DateTimeProvider::get_DateOnlyUtcNow()
DA:7,0
LF:1
LH:0
BRF:0
BRH:0
FNF:1
FNH:0
end_of_record
SF:c:\Users\jonat\RiderProjects\LastRoom\LastRoom.Api\Models\Booking.cs
FN:4,System.Int32 LastRoom.Api.Models.Booking::get_Id()
FNDA:0,System.Int32 LastRoom.Api.Models.Booking::get_Id()
DA:5,0
FN:5,System.Guid LastRoom.Api.Models.Booking::get_Ticket()
FNDA:0,System.Guid LastRoom.Api.Models.Booking::get_Ticket()
DA:6,0
FN:6,System.DateOnly LastRoom.Api.Models.Booking::get_CheckInDate()
FNDA:0,System.DateOnly LastRoom.Api.Models.Booking::get_CheckInDate()
DA:7,0
FN:7,System.DateOnly LastRoom.Api.Models.Booking::get_CheckOutDate()
FNDA:0,System.DateOnly LastRoom.Api.Models.Booking::get_CheckOutDate()
DA:8,0
FN:9,System.Int32 LastRoom.Api.Models.Booking::get_ClientId()
FNDA:0,System.Int32 LastRoom.Api.Models.Booking::get_ClientId()
DA:10,0
FN:10,LastRoom.Api.Models.Client LastRoom.Api.Models.Booking::get_Client()
FNDA:0,LastRoom.Api.Models.Client LastRoom.Api.Models.Booking::get_Client()
DA:11,0
LF:6
LH:0
BRF:0
BRH:0
FNF:6
FNH:0
end_of_record
SF:c:\Users\jonat\RiderProjects\LastRoom\LastRoom.Api\Models\Client.cs
FN:4,System.Int32 LastRoom.Api.Models.Client::get_Id()
FNDA:0,System.Int32 LastRoom.Api.Models.Client::get_Id()
DA:5,0
FN:5,System.String LastRoom.Api.Models.Client::get_Identification()
FNDA:0,System.String LastRoom.Api.Models.Client::get_Identification()
DA:6,0
FN:6,System.String LastRoom.Api.Models.Client::get_FullName()
FNDA:0,System.String LastRoom.Api.Models.Client::get_FullName()
DA:7,0
LF:3
LH:0
BRF:0
BRH:0
FNF:3
FNH:0
end_of_record
SF:c:\Users\jonat\RiderProjects\LastRoom\LastRoom.Api\Migrations\20220907231645_Initial.cs
FN:10,System.Void LastRoom.Api.Migrations.Initial::Up(Microsoft.EntityFrameworkCore.Migrations.MigrationBuilder)
FNDA:0,System.Void LastRoom.Api.Migrations.Initial::Up(Microsoft.EntityFrameworkCore.Migrations.MigrationBuilder)
DA:11,0
DA:12,0
DA:13,0
DA:14,0
DA:15,0
DA:16,0
DA:17,0
DA:18,0
DA:19,0
DA:20,0
DA:21,0
DA:22,0
DA:23,0
DA:24,0
DA:26,0
DA:27,0
DA:28,0
DA:29,0
DA:30,0
DA:31,0
DA:32,0
DA:33,0
DA:34,0
DA:35,0
DA:36,0
DA:37,0
DA:38,0
DA:39,0
DA:40,0
DA:41,0
DA:42,0
DA:43,0
DA:44,0
DA:45,0
DA:46,0
DA:48,0
DA:49,0
DA:50,0
DA:51,0
DA:52,0
FN:54,System.Void LastRoom.Api.Migrations.Initial::Down(Microsoft.EntityFrameworkCore.Migrations.MigrationBuilder)
FNDA:0,System.Void LastRoom.Api.Migrations.Initial::Down(Microsoft.EntityFrameworkCore.Migrations.MigrationBuilder)
DA:55,0
DA:56,0
DA:57,0
DA:59,0
DA:60,0
DA:61,0
LF:46
LH:0
BRF:0
BRH:0
FNF:2
FNH:0
end_of_record
SF:c:\Users\jonat\RiderProjects\LastRoom\LastRoom.Api\Migrations\20220907231645_Initial.Designer.cs
FN:17,System.Void LastRoom.Api.Migrations.Initial::BuildTargetModel(Microsoft.EntityFrameworkCore.ModelBuilder)
FNDA:0,System.Void LastRoom.Api.Migrations.Initial::BuildTargetModel(Microsoft.EntityFrameworkCore.ModelBuilder)
DA:18,0
DA:20,0
DA:22,0
DA:23,0
DA:24,0
DA:25,0
DA:26,0
DA:27,0
DA:28,0
DA:29,0
DA:30,0
DA:31,0
DA:32,0
DA:33,0
DA:34,0
DA:35,0
DA:36,0
DA:37,0
DA:38,0
DA:39,0
DA:40,0
DA:41,0
DA:42,0
DA:43,0
DA:44,0
DA:45,0
DA:47,0
DA:48,0
DA:49,0
DA:50,0
DA:51,0
DA:52,0
DA:53,0
DA:54,0
DA:55,0
DA:56,0
DA:57,0
DA:58,0
DA:59,0
DA:60,0
DA:61,0
DA:62,0
DA:63,0
DA:64,0
DA:66,0
DA:67,0
DA:68,0
DA:69,0
DA:70,0
DA:71,0
DA:72,0
DA:73,0
DA:74,0
DA:75,0
DA:77,0
LF:55
LH:0
BRF:0
BRH:0
FNF:1
FNH:0
end_of_record
SF:c:\Users\jonat\RiderProjects\LastRoom\LastRoom.Api\Migrations\LastRoomDbContextModelSnapshot.cs
FN:15,System.Void LastRoom.Api.Migrations.LastRoomDbContextModelSnapshot::BuildModel(Microsoft.EntityFrameworkCore.ModelBuilder)
FNDA:0,System.Void LastRoom.Api.Migrations.LastRoomDbContextModelSnapshot::BuildModel(Microsoft.EntityFrameworkCore.ModelBuilder)
DA:16,0
DA:18,0
DA:20,0
DA:21,0
DA:22,0
DA:23,0
DA:24,0
DA:25,0
DA:26,0
DA:27,0
DA:28,0
DA:29,0
DA:30,0
DA:31,0
DA:32,0
DA:33,0
DA:34,0
DA:35,0
DA:36,0
DA:37,0
DA:38,0
DA:39,0
DA:40,0
DA:41,0
DA:42,0
DA:43,0
DA:45,0
DA:46,0
DA:47,0
DA:48,0
DA:49,0
DA:50,0
DA:51,0
DA:52,0
DA:53,0
DA:54,0
DA:55,0
DA:56,0
DA:57,0
DA:58,0
DA:59,0
DA:60,0
DA:61,0
DA:62,0
DA:64,0
DA:65,0
DA:66,0
DA:67,0
DA:68,0
DA:69,0
DA:70,0
DA:71,0
DA:72,0
DA:73,0
DA:75,0
LF:55
LH:0
BRF:0
BRH:0
FNF:1
FNH:0
end_of_record
SF:c:\Users\jonat\RiderProjects\LastRoom\LastRoom.Api\Errors\Booking\BookingDateTooFarError.cs
FN:7,System.Void LastRoom.Api.Errors.Booking.BookingDateTooFarError::.ctor()
FNDA:0,System.Void LastRoom.Api.Errors.Booking.BookingDateTooFarError::.ctor()
DA:8,0
DA:9,0
DA:10,0
DA:11,0
DA:12,0
LF:5
LH:0
BRF:0
BRH:0
FNF:1
FNH:0
end_of_record
SF:c:\Users\jonat\RiderProjects\LastRoom\LastRoom.Api\Errors\Booking\BookingNotFoundError.cs
FN:7,System.Void LastRoom.Api.Errors.Booking.BookingNotFoundError::.ctor()
FNDA:0,System.Void LastRoom.Api.Errors.Booking.BookingNotFoundError::.ctor()
DA:8,0
DA:9,0
DA:10,0
DA:11,0
DA:12,0
LF:5
LH:0
BRF:0
BRH:0
FNF:1
FNH:0
end_of_record
SF:c:\Users\jonat\RiderProjects\LastRoom\LastRoom.Api\Errors\Booking\CheckOutBeforeCheckInError.cs
FN:7,System.Void LastRoom.Api.Errors.Booking.CheckOutBeforeCheckInError::.ctor()
FNDA:0,System.Void LastRoom.Api.Errors.Booking.CheckOutBeforeCheckInError::.ctor()
DA:8,0
DA:9,0
DA:10,0
DA:11,0
DA:12,0
LF:5
LH:0
BRF:0
BRH:0
FNF:1
FNH:0
end_of_record
SF:c:\Users\jonat\RiderProjects\LastRoom\LastRoom.Api\Errors\Booking\RoomAlreadyBookedError.cs
FN:7,System.Void LastRoom.Api.Errors.Booking.RoomAlreadyBookedError::.ctor()
FNDA:0,System.Void LastRoom.Api.Errors.Booking.RoomAlreadyBookedError::.ctor()
DA:8,0
DA:9,0
DA:10,0
DA:11,0
DA:12,0
LF:5
LH:0
BRF:0
BRH:0
FNF:1
FNH:0
end_of_record
SF:c:\Users\jonat\RiderProjects\LastRoom\LastRoom.Api\Errors\Booking\StartDateNotAllowedError.cs
FN:7,System.Void LastRoom.Api.Errors.Booking.StartDateNotAllowedError::.ctor()
FNDA:0,System.Void LastRoom.Api.Errors.Booking.StartDateNotAllowedError::.ctor()
DA:8,0
DA:9,0
DA:10,0
DA:11,0
DA:12,0
LF:5
LH:0
BRF:0
BRH:0
FNF:1
FNH:0
end_of_record
SF:c:\Users\jonat\RiderProjects\LastRoom\LastRoom.Api\Errors\Booking\StayPeriodTooLongError.cs
FN:7,System.Void LastRoom.Api.Errors.Booking.StayPeriodTooLongError::.ctor()
FNDA:0,System.Void LastRoom.Api.Errors.Booking.StayPeriodTooLongError::.ctor()
DA:8,0
DA:9,0
DA:10,0
DA:11,0
DA:12,0
LF:5
LH:0
BRF:0
BRH:0
FNF:1
FNH:0
end_of_record
SF:c:\Users\jonat\RiderProjects\LastRoom\LastRoom.Api\DTOs\BookingRequest.cs
FN:7,System.String LastRoom.Api.DTOs.BookingRequest::get_ClientIdentification()
FNDA:0,System.String LastRoom.Api.DTOs.BookingRequest::get_ClientIdentification()
DA:8,0
FN:8,System.String LastRoom.Api.DTOs.BookingRequest::get_ClientFullName()
FNDA:0,System.String LastRoom.Api.DTOs.BookingRequest::get_ClientFullName()
DA:9,0
FN:10,System.DateOnly LastRoom.Api.DTOs.BookingRequest::get_CheckInDate()
FNDA:0,System.DateOnly LastRoom.Api.DTOs.BookingRequest::get_CheckInDate()
DA:11,0
FN:12,System.DateOnly LastRoom.Api.DTOs.BookingRequest::get_CheckOutDate()
FNDA:0,System.DateOnly LastRoom.Api.DTOs.BookingRequest::get_CheckOutDate()
DA:13,0
LF:4
LH:0
BRF:0
BRH:0
FNF:4
FNH:0
end_of_record
SF:c:\Users\jonat\RiderProjects\LastRoom\LastRoom.Api\DTOs\BookingResponse.cs
FN:7,System.Guid LastRoom.Api.DTOs.BookingResponse::get_Ticket()
FNDA:0,System.Guid LastRoom.Api.DTOs.BookingResponse::get_Ticket()
DA:8,0
FN:8,System.String LastRoom.Api.DTOs.BookingResponse::get_ClientFullName()
FNDA:0,System.String LastRoom.Api.DTOs.BookingResponse::get_ClientFullName()
DA:9,0
FN:10,System.DateOnly LastRoom.Api.DTOs.BookingResponse::get_CheckInDate()
FNDA:0,System.DateOnly LastRoom.Api.DTOs.BookingResponse::get_CheckInDate()
DA:11,0
FN:12,System.DateOnly LastRoom.Api.DTOs.BookingResponse::get_CheckOutDate()
FNDA:0,System.DateOnly LastRoom.Api.DTOs.BookingResponse::get_CheckOutDate()
DA:13,0
LF:4
LH:0
BRF:0
BRH:0
FNF:4
FNH:0
end_of_record
SF:c:\Users\jonat\RiderProjects\LastRoom\LastRoom.Api\DTOs\BookingVacationResponse.cs
FN:7,System.Boolean LastRoom.Api.DTOs.BookingDaysResponse::get_Vacant()
FNDA:0,System.Boolean LastRoom.Api.DTOs.BookingDaysResponse::get_Vacant()
DA:8,0
FN:9,System.DateOnly LastRoom.Api.DTOs.BookingDaysResponse::get_Date()
FNDA:0,System.DateOnly LastRoom.Api.DTOs.BookingDaysResponse::get_Date()
DA:10,0
LF:2
LH:0
BRF:0
BRH:0
FNF:2
FNH:0
end_of_record
SF:c:\Users\jonat\RiderProjects\LastRoom\LastRoom.Api\Converters\DateOnlyJsonConverter.cs
FN:11,System.DateOnly LastRoom.Api.Converters.DateOnlyJsonConverter::Read(System.Text.Json.Utf8JsonReader&,System.Type,System.Text.Json.JsonSerializerOptions)
FNDA:0,System.DateOnly LastRoom.Api.Converters.DateOnlyJsonConverter::Read(System.Text.Json.Utf8JsonReader&,System.Type,System.Text.Json.JsonSerializerOptions)
DA:12,0
DA:13,0
DA:14,0
FN:16,System.Void LastRoom.Api.Converters.DateOnlyJsonConverter::Write(System.Text.Json.Utf8JsonWriter,System.DateOnly,System.Text.Json.JsonSerializerOptions)
FNDA:0,System.Void LastRoom.Api.Converters.DateOnlyJsonConverter::Write(System.Text.Json.Utf8JsonWriter,System.DateOnly,System.Text.Json.JsonSerializerOptions)
DA:17,0
DA:18,0
DA:19,0
LF:6
LH:0
BRF:0
BRH:0
FNF:2
FNH:0
end_of_record
SF:c:\Users\jonat\RiderProjects\LastRoom\LastRoom.Api\Controllers\ApiController.cs
FN:11,Microsoft.AspNetCore.Mvc.ActionResult LastRoom.Api.Controllers.ApiController::Problem(System.Collections.Generic.List`1<FluentResults.IError>)
FNDA:0,Microsoft.AspNetCore.Mvc.ActionResult LastRoom.Api.Controllers.ApiController::Problem(System.Collections.Generic.List`1<FluentResults.IError>)
DA:12,0
DA:13,0
DA:14,0
DA:16,0
DA:18,0
DA:19,0
DA:20,0
DA:21,0
DA:22,0
DA:24,0
DA:25,0
DA:27,0
DA:28,0
BRDA:13,12,0,0
BRDA:13,12,1,0
BRDA:18,125,1,0
BRDA:21,96,0,0
BRDA:21,96,1,0
BRDA:18,125,0,0
FN:30,Microsoft.AspNetCore.Mvc.ActionResult LastRoom.Api.Controllers.ApiController::Problems(Microsoft.AspNetCore.Mvc.ModelBinding.ModelStateDictionary,LastRoom.Api.Errors.ErrorType,System.String)
FNDA:0,Microsoft.AspNetCore.Mvc.ActionResult LastRoom.Api.Controllers.ApiController::Problems(Microsoft.AspNetCore.Mvc.ModelBinding.ModelStateDictionary,LastRoom.Api.Errors.ErrorType,System.String)
DA:31,0
DA:32,0
DA:33,0
DA:34,0
DA:35,0
DA:36,0
DA:37,0
DA:38,0
DA:40,0
DA:41,0
DA:42,0
DA:43,0
DA:44,0
DA:45,0
BRDA:32,6,1,0
BRDA:32,6,2,0
BRDA:32,6,3,0
BRDA:32,6,0,0
LF:27
LH:0
BRF:10
BRH:0
FNF:2
FNH:0
end_of_record
SF:c:\Users\jonat\RiderProjects\LastRoom\LastRoom.Api\Controllers\BookingController.cs
FN:82,LastRoom.Api.Models.Booking LastRoom.Api.Controllers.BookingsController::MapBookingRequestToBooking(System.Guid,LastRoom.Api.DTOs.BookingRequest)
FNDA:0,LastRoom.Api.Models.Booking LastRoom.Api.Controllers.BookingsController::MapBookingRequestToBooking(System.Guid,LastRoom.Api.DTOs.BookingRequest)
DA:83,0
DA:84,0
DA:85,0
DA:86,0
DA:87,0
DA:88,0
DA:89,0
DA:90,0
DA:91,0
DA:92,0
DA:93,0
FN:95,LastRoom.Api.DTOs.BookingResponse LastRoom.Api.Controllers.BookingsController::MapBookingToBookingResponse(LastRoom.Api.Models.Booking)
FNDA:0,LastRoom.Api.DTOs.BookingResponse LastRoom.Api.Controllers.BookingsController::MapBookingToBookingResponse(LastRoom.Api.Models.Booking)
DA:96,0
DA:97,0
DA:98,0
DA:99,0
DA:100,0
DA:101,0
DA:102,0
FN:104,System.Collections.Generic.List`1<LastRoom.Api.DTOs.BookingDaysResponse> LastRoom.Api.Controllers.BookingsController::MapDictOfDateToListOfBookingDaysResponse(System.Collections.Generic.Dictionary`2<System.DateOnly,System.Boolean>)
FNDA:0,System.Collections.Generic.List`1<LastRoom.Api.DTOs.BookingDaysResponse> LastRoom.Api.Controllers.BookingsController::MapDictOfDateToListOfBookingDaysResponse(System.Collections.Generic.Dictionary`2<System.DateOnly,System.Boolean>)
DA:105,0
DA:106,0
DA:107,0
DA:108,0
DA:109,0
DA:110,0
DA:111,0
FN:14,System.Void LastRoom.Api.Controllers.BookingsController::.ctor(LastRoom.Api.Services.Interfaces.IBookingService)
FNDA:0,System.Void LastRoom.Api.Controllers.BookingsController::.ctor(LastRoom.Api.Services.Interfaces.IBookingService)
DA:15,0
DA:16,0
DA:17,0
DA:18,0
FN:73,System.Void LastRoom.Api.Controllers.BookingsController/<Delete>d__6::MoveNext()
FNDA:0,System.Void LastRoom.Api.Controllers.BookingsController/<Delete>d__6::MoveNext()
DA:74,0
DA:75,0
DA:77,0
DA:79,0
DA:80,0
BRDA:77,166,0,0
BRDA:77,166,1,0
FN:21,System.Void LastRoom.Api.Controllers.BookingsController/<Get>d__2::MoveNext()
FNDA:0,System.Void LastRoom.Api.Controllers.BookingsController/<Get>d__2::MoveNext()
DA:22,0
DA:23,0
DA:25,0
DA:27,0
DA:29,0
DA:30,0
BRDA:25,166,0,0
BRDA:25,166,1,0
FN:33,System.Void LastRoom.Api.Controllers.BookingsController/<Get>d__3::MoveNext()
FNDA:0,System.Void LastRoom.Api.Controllers.BookingsController/<Get>d__3::MoveNext()
DA:34,0
DA:35,0
DA:37,0
DA:39,0
DA:40,0
FN:43,System.Void LastRoom.Api.Controllers.BookingsController/<Post>d__4::MoveNext()
FNDA:0,System.Void LastRoom.Api.Controllers.BookingsController/<Post>d__4::MoveNext()
DA:44,0
DA:45,0
DA:46,0
DA:47,0
DA:48,0
DA:49,0
DA:51,0
DA:53,0
DA:55,0
DA:56,0
BRDA:51,204,0,0
BRDA:51,204,1,0
FN:59,System.Void LastRoom.Api.Controllers.BookingsController/<Put>d__5::MoveNext()
FNDA:0,System.Void LastRoom.Api.Controllers.BookingsController/<Put>d__5::MoveNext()
DA:60,0
DA:61,0
DA:63,0
DA:65,0
DA:67,0
DA:69,0
DA:70,0
BRDA:65,201,0,0
BRDA:65,201,1,0
LF:62
LH:0
BRF:8
BRH:0
FNF:9
FNH:0
end_of_record
SF:c:\Users\jonat\RiderProjects\LastRoom\LastRoom.Api\Controllers\ErrorController.cs
FN:10,Microsoft.AspNetCore.Mvc.IActionResult LastRoom.Api.Controllers.ErrorController::Error()
FNDA:0,Microsoft.AspNetCore.Mvc.IActionResult LastRoom.Api.Controllers.ErrorController::Error()
DA:11,0
DA:12,0
DA:13,0
LF:3
LH:0
BRF:0
BRH:0
FNF:1
FNH:0
end_of_record