SF:c:\Users\jonat\RiderProjects\LastRoom\LastRoom.Api\Program.cs
FN:4,System.Void Program::<Main>$(System.String[])
FNDA:0,System.Void Program::<Main>$(System.String[])
DA:5,0
DA:6,0
DA:7,0
DA:8,0
DA:10,0
DA:11,0
DA:13,0
DA:14,0
DA:15,0
DA:16,0
DA:17,0
DA:19,0
DA:21,0
DA:22,0
DA:23,0
DA:24,0
DA:25,0
DA:27,0
DA:28,0
DA:29,0
DA:30,0
DA:31,0
BRDA:21,172,0,0
BRDA:21,172,1,0
LF:22
LH:0
BRF:2
BRH:0
FNF:1
FNH:0
end_of_record
SF:c:\Users\jonat\RiderProjects\LastRoom\LastRoom.Api\LastRoomDbContext.cs
FN:7,Microsoft.EntityFrameworkCore.DbSet`1<LastRoom.Api.Models.Booking> LastRoom.Api.LastRoomDbContext::get_Bookings()
FNDA:62,Microsoft.EntityFrameworkCore.DbSet`1<LastRoom.Api.Models.Booking> LastRoom.Api.LastRoomDbContext::get_Bookings()
DA:8,62
FN:9,System.Void LastRoom.Api.LastRoomDbContext::.ctor(Microsoft.EntityFrameworkCore.DbContextOptions)
FNDA:45,System.Void LastRoom.Api.LastRoomDbContext::.ctor(Microsoft.EntityFrameworkCore.DbContextOptions)
DA:10,45
LF:2
LH:2
BRF:0
BRH:0
FNF:2
FNH:2
end_of_record
SF:c:\Users\jonat\RiderProjects\LastRoom\LastRoom.Api\Services\BookingService.cs
FN:137,FluentResults.Result LastRoom.Api.Services.BookingService::ValidateBooking(System.DateOnly,System.DateOnly)
FNDA:18,FluentResults.Result LastRoom.Api.Services.BookingService::ValidateBooking(System.DateOnly,System.DateOnly)
DA:138,18
DA:139,18
DA:140,2
DA:142,16
DA:143,1
DA:145,15
DA:146,1
DA:148,14
DA:149,1
DA:151,13
DA:152,18
BRDA:139,21,0,2
BRDA:139,21,1,16
BRDA:142,62,0,1
BRDA:142,62,1,15
BRDA:145,111,0,1
BRDA:145,111,1,14
BRDA:148,161,0,1
BRDA:148,161,1,13
FN:154,FluentResults.Result LastRoom.Api.Services.BookingService::Reserved(System.DateOnly,System.DateOnly)
FNDA:17,FluentResults.Result LastRoom.Api.Services.BookingService::Reserved(System.DateOnly,System.DateOnly)
DA:155,17
DA:156,17
DA:157,17
DA:158,17
DA:160,17
DA:161,1
DA:163,16
DA:164,17
BRDA:160,228,0,1
BRDA:160,228,1,16
FN:166,FluentResults.Result LastRoom.Api.Services.BookingService::Reserved(LastRoom.Api.Models.Booking)
FNDA:3,FluentResults.Result LastRoom.Api.Services.BookingService::Reserved(LastRoom.Api.Models.Booking)
DA:167,3
DA:168,3
DA:169,3
DA:170,3
DA:171,3
DA:172,3
DA:174,3
DA:175,1
DA:177,2
DA:178,3
BRDA:174,359,0,1
BRDA:174,359,1,2
FN:12,System.Void LastRoom.Api.Services.BookingService::.ctor(LastRoom.Api.LastRoomDbContext,LastRoom.Api.Services.IDateTimeProvider)
FNDA:15,System.Void LastRoom.Api.Services.BookingService::.ctor(LastRoom.Api.LastRoomDbContext,LastRoom.Api.Services.IDateTimeProvider)
DA:13,15
DA:14,15
DA:15,15
DA:16,15
DA:17,15
FN:116,System.Void LastRoom.Api.Services.BookingService/<CancelBookingAsync>d__7::MoveNext()
FNDA:2,System.Void LastRoom.Api.Services.BookingService/<CancelBookingAsync>d__7::MoveNext()
DA:117,2
DA:118,2
DA:120,2
DA:121,1
DA:123,1
DA:124,1
DA:126,1
DA:127,2
BRDA:120,170,0,1
BRDA:120,170,1,1
FN:63,System.Void LastRoom.Api.Services.BookingService/<CreateNewBookingAsync>d__5::MoveNext()
FNDA:17,System.Void LastRoom.Api.Services.BookingService/<CreateNewBookingAsync>d__5::MoveNext()
DA:64,17
DA:65,17
DA:66,17
DA:67,1
DA:69,16
DA:70,16
DA:71,4
DA:73,12
DA:74,12
DA:75,12
DA:76,12
DA:77,12
DA:78,12
DA:79,12
DA:80,12
DA:81,12
DA:82,12
DA:83,12
DA:85,12
DA:86,12
DA:88,12
DA:89,17
BRDA:66,71,0,1
BRDA:66,71,1,16
BRDA:70,132,0,4
BRDA:70,132,1,12
FN:129,System.Void LastRoom.Api.Services.BookingService/<GetABookingByTicketAsync>d__8::MoveNext()
FNDA:9,System.Void LastRoom.Api.Services.BookingService/<GetABookingByTicketAsync>d__8::MoveNext()
DA:130,9
DA:131,9
DA:132,9
DA:133,9
DA:134,9
DA:135,9
FN:29,System.Void LastRoom.Api.Services.BookingService/<GetAllPossibleBookingDatesAsync>d__4::MoveNext()
FNDA:3,System.Void LastRoom.Api.Services.BookingService/<GetAllPossibleBookingDatesAsync>d__4::MoveNext()
DA:30,3
DA:31,3
DA:32,3
DA:33,186
DA:34,90
DA:35,90
DA:36,90
DA:37,90
DA:39,3
DA:40,3
DA:41,3
DA:42,3
DA:43,3
DA:45,13
DA:46,2
DA:47,126
DA:48,60
DA:49,60
DA:50,6
DA:51,6
DA:52,6
DA:53,60
DA:54,2
DA:56,3
DA:57,3
BRDA:33,138,1,90
BRDA:33,138,0,3
BRDA:45,738,1,2
BRDA:47,680,1,60
BRDA:49,602,0,54
BRDA:49,602,1,6
BRDA:49,633,0,6
BRDA:49,633,1,60
BRDA:47,680,0,2
BRDA:45,738,0,3
FN:19,System.Void LastRoom.Api.Services.BookingService/<GetBookingAsync>d__3::MoveNext()
FNDA:3,System.Void LastRoom.Api.Services.BookingService/<GetBookingAsync>d__3::MoveNext()
DA:20,3
DA:21,3
DA:23,3
DA:24,1
DA:26,2
DA:27,3
BRDA:23,159,0,1
BRDA:23,159,1,2
FN:91,System.Void LastRoom.Api.Services.BookingService/<UpdateBookingAsync>d__6::MoveNext()
FNDA:4,System.Void LastRoom.Api.Services.BookingService/<UpdateBookingAsync>d__6::MoveNext()
DA:92,4
DA:93,4
DA:95,4
DA:96,1
DA:98,3
DA:99,3
DA:100,1
DA:102,2
DA:103,2
DA:104,1
DA:106,1
DA:107,1
DA:108,1
DA:109,1
DA:111,1
DA:113,1
DA:114,4
BRDA:95,170,0,1
BRDA:95,170,1,3
BRDA:99,226,0,1
BRDA:99,226,1,2
BRDA:103,294,0,1
BRDA:103,294,1,1
LF:118
LH:118
BRF:36
BRH:36
FNF:10
FNH:10
end_of_record
SF:c:\Users\jonat\RiderProjects\LastRoom\LastRoom.Api\Services\DateTimeProvider.cs
FN:4,System.DateOnly LastRoom.Api.Services.DateTimeProvider::get_DateOnlyUtcNow()
FNDA:0,System.DateOnly LastRoom.Api.Services.DateTimeProvider::get_DateOnlyUtcNow()
DA:5,0
LF:1
LH:0
BRF:0
BRH:0
FNF:1
FNH:0
end_of_record
SF:c:\Users\jonat\RiderProjects\LastRoom\LastRoom.Api\Models\Booking.cs
FN:4,System.Int32 LastRoom.Api.Models.Booking::get_Id()
FNDA:0,System.Int32 LastRoom.Api.Models.Booking::get_Id()
DA:5,0
FN:5,System.Guid LastRoom.Api.Models.Booking::get_Ticket()
FNDA:23,System.Guid LastRoom.Api.Models.Booking::get_Ticket()
DA:6,23
FN:7,System.DateOnly LastRoom.Api.Models.Booking::get_CheckInDate()
FNDA:82,System.DateOnly LastRoom.Api.Models.Booking::get_CheckInDate()
DA:8,82
FN:8,System.DateOnly LastRoom.Api.Models.Booking::get_CheckOutDate()
FNDA:76,System.DateOnly LastRoom.Api.Models.Booking::get_CheckOutDate()
DA:9,76
FN:10,System.Int32 LastRoom.Api.Models.Booking::get_ClientId()
FNDA:0,System.Int32 LastRoom.Api.Models.Booking::get_ClientId()
DA:11,0
FN:11,LastRoom.Api.Models.Client LastRoom.Api.Models.Booking::get_Client()
FNDA:32,LastRoom.Api.Models.Client LastRoom.Api.Models.Booking::get_Client()
DA:12,32
LF:6
LH:4
BRF:0
BRH:0
FNF:6
FNH:4
end_of_record
SF:c:\Users\jonat\RiderProjects\LastRoom\LastRoom.Api\Models\Client.cs
FN:4,System.Int32 LastRoom.Api.Models.Client::get_Id()
FNDA:0,System.Int32 LastRoom.Api.Models.Client::get_Id()
DA:5,0
FN:5,System.String LastRoom.Api.Models.Client::get_Identification()
FNDA:27,System.String LastRoom.Api.Models.Client::get_Identification()
DA:6,27
FN:6,System.String LastRoom.Api.Models.Client::get_FullName()
FNDA:29,System.String LastRoom.Api.Models.Client::get_FullName()
DA:7,29
LF:3
LH:2
BRF:0
BRH:0
FNF:3
FNH:2
end_of_record
SF:c:\Users\jonat\RiderProjects\LastRoom\LastRoom.Api\Migrations\20220907231645_Initial.cs
FN:10,System.Void LastRoom.Api.Migrations.Initial::Up(Microsoft.EntityFrameworkCore.Migrations.MigrationBuilder)
FNDA:0,System.Void LastRoom.Api.Migrations.Initial::Up(Microsoft.EntityFrameworkCore.Migrations.MigrationBuilder)
DA:11,0
DA:12,0
DA:13,0
DA:14,0
DA:15,0
DA:16,0
DA:17,0
DA:18,0
DA:19,0
DA:20,0
DA:21,0
DA:22,0
DA:23,0
DA:24,0
DA:26,0
DA:27,0
DA:28,0
DA:29,0
DA:30,0
DA:31,0
DA:32,0
DA:33,0
DA:34,0
DA:35,0
DA:36,0
DA:37,0
DA:38,0
DA:39,0
DA:40,0
DA:41,0
DA:42,0
DA:43,0
DA:44,0
DA:45,0
DA:46,0
DA:48,0
DA:49,0
DA:50,0
DA:51,0
DA:52,0
FN:54,System.Void LastRoom.Api.Migrations.Initial::Down(Microsoft.EntityFrameworkCore.Migrations.MigrationBuilder)
FNDA:0,System.Void LastRoom.Api.Migrations.Initial::Down(Microsoft.EntityFrameworkCore.Migrations.MigrationBuilder)
DA:55,0
DA:56,0
DA:57,0
DA:59,0
DA:60,0
DA:61,0
LF:46
LH:0
BRF:0
BRH:0
FNF:2
FNH:0
end_of_record
SF:c:\Users\jonat\RiderProjects\LastRoom\LastRoom.Api\Migrations\20220907231645_Initial.Designer.cs
FN:17,System.Void LastRoom.Api.Migrations.Initial::BuildTargetModel(Microsoft.EntityFrameworkCore.ModelBuilder)
FNDA:0,System.Void LastRoom.Api.Migrations.Initial::BuildTargetModel(Microsoft.EntityFrameworkCore.ModelBuilder)
DA:18,0
DA:20,0
DA:22,0
DA:23,0
DA:24,0
DA:25,0
DA:26,0
DA:27,0
DA:28,0
DA:29,0
DA:30,0
DA:31,0
DA:32,0
DA:33,0
DA:34,0
DA:35,0
DA:36,0
DA:37,0
DA:38,0
DA:39,0
DA:40,0
DA:41,0
DA:42,0
DA:43,0
DA:44,0
DA:45,0
DA:47,0
DA:48,0
DA:49,0
DA:50,0
DA:51,0
DA:52,0
DA:53,0
DA:54,0
DA:55,0
DA:56,0
DA:57,0
DA:58,0
DA:59,0
DA:60,0
DA:61,0
DA:62,0
DA:63,0
DA:64,0
DA:66,0
DA:67,0
DA:68,0
DA:69,0
DA:70,0
DA:71,0
DA:72,0
DA:73,0
DA:74,0
DA:75,0
DA:77,0
LF:55
LH:0
BRF:0
BRH:0
FNF:1
FNH:0
end_of_record
SF:c:\Users\jonat\RiderProjects\LastRoom\LastRoom.Api\Migrations\LastRoomDbContextModelSnapshot.cs
FN:15,System.Void LastRoom.Api.Migrations.LastRoomDbContextModelSnapshot::BuildModel(Microsoft.EntityFrameworkCore.ModelBuilder)
FNDA:0,System.Void LastRoom.Api.Migrations.LastRoomDbContextModelSnapshot::BuildModel(Microsoft.EntityFrameworkCore.ModelBuilder)
DA:16,0
DA:18,0
DA:20,0
DA:21,0
DA:22,0
DA:23,0
DA:24,0
DA:25,0
DA:26,0
DA:27,0
DA:28,0
DA:29,0
DA:30,0
DA:31,0
DA:32,0
DA:33,0
DA:34,0
DA:35,0
DA:36,0
DA:37,0
DA:38,0
DA:39,0
DA:40,0
DA:41,0
DA:42,0
DA:43,0
DA:45,0
DA:46,0
DA:47,0
DA:48,0
DA:49,0
DA:50,0
DA:51,0
DA:52,0
DA:53,0
DA:54,0
DA:55,0
DA:56,0
DA:57,0
DA:58,0
DA:59,0
DA:60,0
DA:61,0
DA:62,0
DA:64,0
DA:65,0
DA:66,0
DA:67,0
DA:68,0
DA:69,0
DA:70,0
DA:71,0
DA:72,0
DA:73,0
DA:75,0
LF:55
LH:0
BRF:0
BRH:0
FNF:1
FNH:0
end_of_record
SF:c:\Users\jonat\RiderProjects\LastRoom\LastRoom.Api\Errors\Booking\BookingDateTooFarError.cs
FN:7,System.Void LastRoom.Api.Errors.Booking.BookingDateTooFarError::.ctor()
FNDA:1,System.Void LastRoom.Api.Errors.Booking.BookingDateTooFarError::.ctor()
DA:8,1
DA:9,1
DA:10,1
DA:11,1
DA:12,1
LF:5
LH:5
BRF:0
BRH:0
FNF:1
FNH:1
end_of_record
SF:c:\Users\jonat\RiderProjects\LastRoom\LastRoom.Api\Errors\Booking\BookingNotFoundError.cs
FN:7,System.Void LastRoom.Api.Errors.Booking.BookingNotFoundError::.ctor()
FNDA:3,System.Void LastRoom.Api.Errors.Booking.BookingNotFoundError::.ctor()
DA:8,3
DA:9,3
DA:10,3
DA:11,3
DA:12,3
LF:5
LH:5
BRF:0
BRH:0
FNF:1
FNH:1
end_of_record
SF:c:\Users\jonat\RiderProjects\LastRoom\LastRoom.Api\Errors\Booking\CheckOutBeforeCheckInError.cs
FN:7,System.Void LastRoom.Api.Errors.Booking.CheckOutBeforeCheckInError::.ctor()
FNDA:2,System.Void LastRoom.Api.Errors.Booking.CheckOutBeforeCheckInError::.ctor()
DA:8,2
DA:9,2
DA:10,2
DA:11,2
DA:12,2
LF:5
LH:5
BRF:0
BRH:0
FNF:1
FNH:1
end_of_record
SF:c:\Users\jonat\RiderProjects\LastRoom\LastRoom.Api\Errors\Booking\RoomAlreadyBookedError.cs
FN:7,System.Void LastRoom.Api.Errors.Booking.RoomAlreadyBookedError::.ctor()
FNDA:2,System.Void LastRoom.Api.Errors.Booking.RoomAlreadyBookedError::.ctor()
DA:8,2
DA:9,2
DA:10,2
DA:11,2
DA:12,2
LF:5
LH:5
BRF:0
BRH:0
FNF:1
FNH:1
end_of_record
SF:c:\Users\jonat\RiderProjects\LastRoom\LastRoom.Api\Errors\Booking\StartDateNotAllowedError.cs
FN:7,System.Void LastRoom.Api.Errors.Booking.StartDateNotAllowedError::.ctor()
FNDA:1,System.Void LastRoom.Api.Errors.Booking.StartDateNotAllowedError::.ctor()
DA:8,1
DA:9,1
DA:10,1
DA:11,1
DA:12,1
LF:5
LH:5
BRF:0
BRH:0
FNF:1
FNH:1
end_of_record
SF:c:\Users\jonat\RiderProjects\LastRoom\LastRoom.Api\Errors\Booking\StayPeriodTooLongError.cs
FN:7,System.Void LastRoom.Api.Errors.Booking.StayPeriodTooLongError::.ctor()
FNDA:1,System.Void LastRoom.Api.Errors.Booking.StayPeriodTooLongError::.ctor()
DA:8,1
DA:9,1
DA:10,1
DA:11,1
DA:12,1
LF:5
LH:5
BRF:0
BRH:0
FNF:1
FNH:1
end_of_record
SF:c:\Users\jonat\RiderProjects\LastRoom\LastRoom.Api\DTOs\BookingRequest.cs
FN:7,System.String LastRoom.Api.DTOs.BookingRequest::get_ClientIdentification()
FNDA:0,System.String LastRoom.Api.DTOs.BookingRequest::get_ClientIdentification()
DA:8,0
FN:8,System.String LastRoom.Api.DTOs.BookingRequest::get_ClientFullName()
FNDA:0,System.String LastRoom.Api.DTOs.BookingRequest::get_ClientFullName()
DA:9,0
FN:10,System.DateOnly LastRoom.Api.DTOs.BookingRequest::get_CheckInDate()
FNDA:0,System.DateOnly LastRoom.Api.DTOs.BookingRequest::get_CheckInDate()
DA:11,0
FN:12,System.DateOnly LastRoom.Api.DTOs.BookingRequest::get_CheckOutDate()
FNDA:0,System.DateOnly LastRoom.Api.DTOs.BookingRequest::get_CheckOutDate()
DA:13,0
LF:4
LH:0
BRF:0
BRH:0
FNF:4
FNH:0
end_of_record
SF:c:\Users\jonat\RiderProjects\LastRoom\LastRoom.Api\DTOs\BookingResponse.cs
FN:7,System.Guid LastRoom.Api.DTOs.BookingResponse::get_Ticket()
FNDA:0,System.Guid LastRoom.Api.DTOs.BookingResponse::get_Ticket()
DA:8,0
FN:8,System.String LastRoom.Api.DTOs.BookingResponse::get_ClientFullName()
FNDA:0,System.String LastRoom.Api.DTOs.BookingResponse::get_ClientFullName()
DA:9,0
FN:10,System.DateOnly LastRoom.Api.DTOs.BookingResponse::get_CheckInDate()
FNDA:0,System.DateOnly LastRoom.Api.DTOs.BookingResponse::get_CheckInDate()
DA:11,0
FN:12,System.DateOnly LastRoom.Api.DTOs.BookingResponse::get_CheckOutDate()
FNDA:0,System.DateOnly LastRoom.Api.DTOs.BookingResponse::get_CheckOutDate()
DA:13,0
LF:4
LH:0
BRF:0
BRH:0
FNF:4
FNH:0
end_of_record
SF:c:\Users\jonat\RiderProjects\LastRoom\LastRoom.Api\DTOs\BookingVacationResponse.cs
FN:7,System.Boolean LastRoom.Api.DTOs.BookingDaysResponse::get_Vacant()
FNDA:0,System.Boolean LastRoom.Api.DTOs.BookingDaysResponse::get_Vacant()
DA:8,0
FN:9,System.DateOnly LastRoom.Api.DTOs.BookingDaysResponse::get_Date()
FNDA:0,System.DateOnly LastRoom.Api.DTOs.BookingDaysResponse::get_Date()
DA:10,0
LF:2
LH:0
BRF:0
BRH:0
FNF:2
FNH:0
end_of_record
SF:c:\Users\jonat\RiderProjects\LastRoom\LastRoom.Api\Converters\DateOnlyJsonConverter.cs
FN:11,System.DateOnly LastRoom.Api.Converters.DateOnlyJsonConverter::Read(System.Text.Json.Utf8JsonReader&,System.Type,System.Text.Json.JsonSerializerOptions)
FNDA:0,System.DateOnly LastRoom.Api.Converters.DateOnlyJsonConverter::Read(System.Text.Json.Utf8JsonReader&,System.Type,System.Text.Json.JsonSerializerOptions)
DA:12,0
DA:13,0
DA:14,0
FN:16,System.Void LastRoom.Api.Converters.DateOnlyJsonConverter::Write(System.Text.Json.Utf8JsonWriter,System.DateOnly,System.Text.Json.JsonSerializerOptions)
FNDA:0,System.Void LastRoom.Api.Converters.DateOnlyJsonConverter::Write(System.Text.Json.Utf8JsonWriter,System.DateOnly,System.Text.Json.JsonSerializerOptions)
DA:17,0
DA:18,0
DA:19,0
LF:6
LH:0
BRF:0
BRH:0
FNF:2
FNH:0
end_of_record
SF:c:\Users\jonat\RiderProjects\LastRoom\LastRoom.Api\Controllers\ApiController.cs
FN:11,Microsoft.AspNetCore.Mvc.ActionResult LastRoom.Api.Controllers.ApiController::Problem(System.Collections.Generic.List`1<FluentResults.IError>)
FNDA:0,Microsoft.AspNetCore.Mvc.ActionResult LastRoom.Api.Controllers.ApiController::Problem(System.Collections.Generic.List`1<FluentResults.IError>)
DA:12,0
DA:13,0
DA:14,0
DA:16,0
DA:18,0
DA:19,0
DA:20,0
DA:21,0
DA:22,0
DA:24,0
DA:25,0
DA:27,0
DA:28,0
BRDA:13,12,0,0
BRDA:13,12,1,0
BRDA:18,125,1,0
BRDA:21,96,0,0
BRDA:21,96,1,0
BRDA:18,125,0,0
FN:30,Microsoft.AspNetCore.Mvc.ActionResult LastRoom.Api.Controllers.ApiController::Problems(Microsoft.AspNetCore.Mvc.ModelBinding.ModelStateDictionary,LastRoom.Api.Errors.ErrorType,System.String)
FNDA:0,Microsoft.AspNetCore.Mvc.ActionResult LastRoom.Api.Controllers.ApiController::Problems(Microsoft.AspNetCore.Mvc.ModelBinding.ModelStateDictionary,LastRoom.Api.Errors.ErrorType,System.String)
DA:31,0
DA:32,0
DA:33,0
DA:34,0
DA:35,0
DA:36,0
DA:37,0
DA:38,0
DA:40,0
DA:41,0
DA:42,0
DA:43,0
DA:44,0
DA:45,0
BRDA:32,6,1,0
BRDA:32,6,2,0
BRDA:32,6,3,0
BRDA:32,6,0,0
LF:27
LH:0
BRF:10
BRH:0
FNF:2
FNH:0
end_of_record
SF:c:\Users\jonat\RiderProjects\LastRoom\LastRoom.Api\Controllers\BookingController.cs
FN:13,System.Void LastRoom.Api.Controllers.BookingsController::.ctor(LastRoom.Api.Services.IBookingService)
FNDA:0,System.Void LastRoom.Api.Controllers.BookingsController::.ctor(LastRoom.Api.Services.IBookingService)
DA:14,0
DA:15,0
DA:16,0
DA:17,0
FN:111,System.Void LastRoom.Api.Controllers.BookingsController/<Delete>d__6::MoveNext()
FNDA:0,System.Void LastRoom.Api.Controllers.BookingsController/<Delete>d__6::MoveNext()
DA:112,0
DA:113,0
DA:115,0
DA:116,0
DA:118,0
DA:119,0
BRDA:115,166,0,0
BRDA:115,166,1,0
FN:20,System.Void LastRoom.Api.Controllers.BookingsController/<Get>d__2::MoveNext()
FNDA:0,System.Void LastRoom.Api.Controllers.BookingsController/<Get>d__2::MoveNext()
DA:21,0
DA:22,0
DA:24,0
DA:25,0
DA:27,0
DA:28,0
DA:29,0
DA:30,0
DA:31,0
DA:32,0
DA:33,0
DA:35,0
DA:36,0
BRDA:24,166,0,0
BRDA:24,166,1,0
FN:39,System.Void LastRoom.Api.Controllers.BookingsController/<Get>d__3::MoveNext()
FNDA:0,System.Void LastRoom.Api.Controllers.BookingsController/<Get>d__3::MoveNext()
DA:40,0
DA:41,0
DA:42,0
DA:44,0
DA:45,0
DA:46,0
DA:47,0
DA:48,0
DA:49,0
DA:50,0
DA:51,0
DA:53,0
DA:54,0
BRDA:44,271,1,0
BRDA:44,271,0,0
FN:57,System.Void LastRoom.Api.Controllers.BookingsController/<Post>d__4::MoveNext()
FNDA:0,System.Void LastRoom.Api.Controllers.BookingsController/<Post>d__4::MoveNext()
DA:58,0
DA:59,0
DA:60,0
DA:61,0
DA:62,0
DA:63,0
DA:65,0
DA:66,0
DA:68,0
DA:69,0
DA:70,0
DA:71,0
DA:72,0
DA:73,0
DA:74,0
DA:76,0
DA:77,0
BRDA:65,204,0,0
BRDA:65,204,1,0
FN:80,System.Void LastRoom.Api.Controllers.BookingsController/<Put>d__5::MoveNext()
FNDA:0,System.Void LastRoom.Api.Controllers.BookingsController/<Put>d__5::MoveNext()
DA:81,0
DA:82,0
DA:83,0
DA:84,0
DA:85,0
DA:86,0
DA:87,0
DA:88,0
DA:89,0
DA:90,0
DA:91,0
DA:92,0
DA:94,0
DA:96,0
DA:97,0
DA:99,0
DA:100,0
DA:101,0
DA:102,0
DA:103,0
DA:104,0
DA:105,0
DA:107,0
DA:108,0
BRDA:96,283,0,0
BRDA:96,283,1,0
LF:77
LH:0
BRF:10
BRH:0
FNF:6
FNH:0
end_of_record
SF:c:\Users\jonat\RiderProjects\LastRoom\LastRoom.Api\Controllers\ErrorController.cs
FN:10,Microsoft.AspNetCore.Mvc.IActionResult LastRoom.Api.Controllers.ErrorController::Error()
FNDA:0,Microsoft.AspNetCore.Mvc.IActionResult LastRoom.Api.Controllers.ErrorController::Error()
DA:11,0
DA:12,0
DA:13,0
LF:3
LH:0
BRF:0
BRH:0
FNF:1
FNH:0
end_of_record